2020-01-03 23:08:54,524 INFO Current Process with pid 6482 with status running launched by the user ezafati
2020-01-03 23:08:54,995 ERROR {'exception_type': "<class 'systemutils.AlreadyExistError'>", 'message': '[\'  File "/home/ezafati/mesh_project/meshproject/tests/read_test.py", line 34, in <module>\\n    read_file("maillage5.txt", p)\\n\', \'  File "/home/ezafati/mesh_project/meshproject/src/read_data.py", line 28, in read_file\\n    switch_case(fields, n_line, meshfile)\\n\', \'  File "/home/ezafati/mesh_project/meshproject/src/read_data.py", line 53, in switch_case\\n    switcher.get(fields[2])(fields)\\n\', \'  File "/home/ezafati/mesh_project/meshproject/src/read_data.py", line 45, in <lambda>\\n    \\\'LINE\\\': lambda fields: module_var.parsefile.make_boundary(fields, n_line),\\n\', \'  File "/home/ezafati/mesh_project/meshproject/src/MeshObjects/GeObjects.py", line 333, in make_boundary\\n    raise AlreadyExistError(f\\\'The label {label} is provided more than once\\\') from None\\n\']'}
NoneType: None
2020-01-03 23:10:39,121 INFO Current Process with pid 6503 with status running launched by the user ezafati
2020-01-03 23:10:39,599 ERROR {'exception_type': "<class 'systemutils.AlreadyExistError'>", 'message': '[\'  File "/home/ezafati/mesh_project/meshproject/tests/read_test.py", line 34, in <module>\\n    result = read_file("maillage5.txt", p)\\n\', \'  File "/home/ezafati/mesh_project/meshproject/src/read_data.py", line 28, in read_file\\n    switch_case(fields, n_line, meshfile)\\n\', \'  File "/home/ezafati/mesh_project/meshproject/src/read_data.py", line 53, in switch_case\\n    switcher.get(fields[2])(fields)\\n\', \'  File "/home/ezafati/mesh_project/meshproject/src/read_data.py", line 45, in <lambda>\\n    \\\'LINE\\\': lambda fields: module_var.parsefile.make_boundary(fields, n_line),\\n\', \'  File "/home/ezafati/mesh_project/meshproject/src/MeshObjects/GeObjects.py", line 333, in make_boundary\\n    raise AlreadyExistError(f\\\'The label {label} is provided more than once\\\') from None\\n\']'}
NoneType: None
2020-01-03 23:12:04,715 INFO Current Process with pid 6534 with status running launched by the user ezafati
2020-01-03 23:12:05,205 ERROR {'exception_type': "<class 'systemutils.AlreadyExistError'>", 'message': '[\'  File "/home/ezafati/mesh_project/meshproject/tests/read_test.py", line 34, in <module>\\n    result = read_file("maillage5.txt", p)\\n\', \'  File "/home/ezafati/mesh_project/meshproject/src/read_data.py", line 28, in read_file\\n    switch_case(fields, n_line, meshfile)\\n\', \'  File "/home/ezafati/mesh_project/meshproject/src/read_data.py", line 53, in switch_case\\n    switcher.get(fields[2])(fields)\\n\', \'  File "/home/ezafati/mesh_project/meshproject/src/read_data.py", line 45, in <lambda>\\n    \\\'LINE\\\': lambda fields: module_var.parsefile.make_boundary(fields, n_line),\\n\', \'  File "/home/ezafati/mesh_project/meshproject/src/MeshObjects/GeObjects.py", line 333, in make_boundary\\n    raise AlreadyExistError(f\\\'The label {label} is provided more than once\\\') from None\\n\']The label L1 is provided more than once'}
NoneType: None
2020-01-04 22:25:11,480 INFO Current Process with pid 3006 with status running launched by the user ezafati
2020-01-04 22:25:12,869 INFO ############### END READ MESH FILE WITH SUCCESS   ###########################
2020-01-04 22:25:12,947 INFO DOMAIN WITH 103 POINTS IN BOUNDARY
2020-01-04 22:25:30,867 INFO PROCESS TERMINATES WITH NO MORE SKINNY TRIANGLE
2020-01-04 22:25:30,867 INFO MESH GENERATED WITH 263 POINTS
2020-01-04 22:26:11,634 INFO  Process  3006  terminates: user CPU time 3.7, system cpu time 1.58
2020-01-04 22:26:47,344 INFO Current Process with pid 3508 with status running launched by the user ezafati
2020-01-04 22:26:47,916 INFO ############### END READ MESH FILE WITH SUCCESS   ###########################
2020-01-04 22:26:48,058 INFO DOMAIN WITH 103 POINTS IN BOUNDARY
2020-01-04 22:27:05,722 INFO PROCESS TERMINATES WITH NO MORE SKINNY TRIANGLE
2020-01-04 22:27:05,722 INFO MESH GENERATED WITH 263 POINTS
2020-01-04 22:27:52,492 INFO  Process  3508  terminates: user CPU time 3.22, system cpu time 1.26
2020-01-05 10:24:33,685 INFO Current Process with pid 3818 with status running launched by the user ezafati
2020-01-05 10:24:34,321 INFO ############### END READ MESH FILE WITH SUCCESS   ###########################
2020-01-05 10:24:34,400 INFO DOMAIN WITH 103 POINTS IN BOUNDARY
2020-01-05 10:24:52,904 INFO PROCESS TERMINATES WITH NO MORE SKINNY TRIANGLE
2020-01-05 10:24:52,904 INFO MESH GENERATED WITH 263 POINTS
2020-01-05 10:25:12,841 INFO  Process  3818  terminates: user CPU time 3.94, system cpu time 1.49
2020-01-07 18:16:10,094 INFO Current Process with pid 3938 with status running launched by the user ezafati
2020-01-07 18:16:11,393 INFO ############### END READ MESH FILE WITH SUCCESS   ###########################
2020-01-07 18:16:11,498 INFO DOMAIN WITH 103 POINTS IN BOUNDARY
2020-01-07 18:16:42,825 INFO PROCESS TERMINATES WITH NO MORE SKINNY TRIANGLE
2020-01-07 18:16:42,826 INFO MESH GENERATED WITH 263 POINTS
2020-01-07 18:16:49,957 INFO  Process  3938  terminates: user CPU time 5.86, system cpu time 1.8
2020-01-07 18:18:19,115 INFO Current Process with pid 4464 with status running launched by the user ezafati
2020-01-07 18:18:19,926 INFO ############### END READ MESH FILE WITH SUCCESS   ###########################
2020-01-07 18:18:20,037 INFO DOMAIN WITH 103 POINTS IN BOUNDARY
2020-01-07 18:19:03,042 INFO PROCESS TERMINATES WITH NO MORE SKINNY TRIANGLE
2020-01-07 18:19:03,043 INFO MESH GENERATED WITH 263 POINTS
2020-01-07 18:19:07,547 INFO  Process  4464  terminates: user CPU time 5.97, system cpu time 1.81
2020-01-07 18:22:12,845 INFO Current Process with pid 5015 with status running launched by the user ezafati
2020-01-07 18:22:14,369 INFO ############### END READ MESH FILE WITH SUCCESS   ###########################
2020-01-07 18:22:14,513 INFO DOMAIN WITH 103 POINTS IN BOUNDARY
2020-01-07 18:22:35,926 INFO PROCESS TERMINATES WITH NO MORE SKINNY TRIANGLE
2020-01-07 18:22:35,927 INFO MESH GENERATED WITH 237 POINTS
2020-01-07 18:22:39,039 INFO  Process  5015  terminates: user CPU time 4.6, system cpu time 1.4
2020-01-07 18:48:32,254 INFO Current Process with pid 5634 with status running launched by the user ezafati
2020-01-07 18:48:33,644 INFO ############### END READ MESH FILE WITH SUCCESS   ###########################
2020-01-07 18:48:33,795 INFO DOMAIN WITH 103 POINTS IN BOUNDARY
2020-01-07 18:48:49,111 ERROR {'exception_type': "<class 'KeyboardInterrupt'>", 'message': '[\'  File "/home/ezafati/mesh_project/meshproject/tests/read_test.py", line 34, in <module>\\n    result = read_file("maillage5.txt", p)\\n\', \'  File "/home/ezafati/mesh_project/meshproject/src/read_data.py", line 37, in read_file\\n    run_tri_mesh(module_var.partmesh, process)\\n\', \'  File "/home/ezafati/mesh_project/meshproject/src/MeshAlg/global_DT.py", line 55, in run_tri_mesh\\n    refinement_method(module_var.tree_refinement, plist, nl, task_queue, *params)\\n\', \'  File "/home/ezafati/mesh_project/meshproject/src/MeshAlg/chew_insert_algorithm.py", line 104, in chew_add_point\\n    task_queue.join()\\n\', \'  File "/usr/lib/python3.6/multiprocessing/queues.py", line 305, in join\\n    self._cond.wait()\\n\', \'  File "/usr/lib/python3.6/multiprocessing/synchronize.py", line 261, in wait\\n    return self._wait_semaphore.acquire(True, timeout)\\n\']'}
NoneType: None
2020-01-07 18:48:55,959 INFO Current Process with pid 5983 with status running launched by the user ezafati
2020-01-07 18:48:57,342 INFO ############### END READ MESH FILE WITH SUCCESS   ###########################
2020-01-07 18:48:57,449 INFO DOMAIN WITH 103 POINTS IN BOUNDARY
2020-01-07 18:49:18,981 INFO PROCESS TERMINATES WITH NO MORE SKINNY TRIANGLE
2020-01-07 18:49:18,981 INFO MESH GENERATED WITH 237 POINTS
2020-01-07 18:49:18,987 INFO  Process  5983  terminates: user CPU time 3.58, system cpu time 1.4
2020-01-07 18:52:56,805 INFO Current Process with pid 6429 with status running launched by the user ezafati
2020-01-07 18:52:57,705 INFO ############### END READ MESH FILE WITH SUCCESS   ###########################
2020-01-07 18:52:57,821 INFO DOMAIN WITH 103 POINTS IN BOUNDARY
2020-01-07 18:53:18,899 INFO PROCESS TERMINATES WITH NO MORE SKINNY TRIANGLE
2020-01-07 18:53:18,900 INFO MESH GENERATED WITH 237 POINTS
2020-01-07 18:53:18,908 INFO  Process  6429  terminates: user CPU time 3.53, system cpu time 1.32
2020-01-08 18:29:52,514 INFO Current Process with pid 2685 with status running launched by the user ezafati
2020-01-08 18:29:55,347 INFO ############### END READ MESH FILE WITH SUCCESS   ###########################
2020-01-08 18:29:55,530 INFO DOMAIN WITH 103 POINTS IN BOUNDARY
2020-01-08 18:30:29,323 INFO PROCESS TERMINATES WITH NO MORE SKINNY TRIANGLE
2020-01-08 18:30:29,324 INFO MESH GENERATED WITH 237 POINTS
2020-01-08 18:30:29,341 ERROR {'exception_type': "<class 'AttributeError'>", 'message': '[\'  File "/home/ezafati/mesh_project/meshproject/tests/read_test.py", line 34, in <module>\\n    result = read_file("maillage5.txt", p)\\n\', \'  File "/home/ezafati/mesh_project/meshproject/src/read_data.py", line 37, in read_file\\n    run_tri_mesh(module_var.partmesh, process)\\n\', \'  File "/home/ezafati/mesh_project/meshproject/src/MeshAlg/global_DT.py", line 68, in run_tri_mesh\\n    tr.visited = True\\n\']\'list\' object has no attribute \'visited\''}
NoneType: None
2020-01-08 18:34:10,499 INFO Current Process with pid 3169 with status running launched by the user ezafati
2020-01-08 18:34:11,749 INFO ############### END READ MESH FILE WITH SUCCESS   ###########################
2020-01-08 18:34:11,885 INFO DOMAIN WITH 103 POINTS IN BOUNDARY
2020-01-08 18:34:14,431 ERROR {'exception_type': "<class 'KeyboardInterrupt'>", 'message': '[\'  File "/home/ezafati/mesh_project/meshproject/tests/read_test.py", line 34, in <module>\\n    result = read_file("maillage5.txt", p)\\n\', \'  File "/home/ezafati/mesh_project/meshproject/src/read_data.py", line 37, in read_file\\n    run_tri_mesh(module_var.partmesh, process)\\n\', \'  File "/home/ezafati/mesh_project/meshproject/src/MeshAlg/global_DT.py", line 58, in run_tri_mesh\\n    refinement_method(module_var.tree_refinement, plist, nl, task_queue, *params)\\n\', \'  File "/home/ezafati/mesh_project/meshproject/src/MeshAlg/chew_insert_algorithm.py", line 95, in chew_add_point\\n    task_queue.put_nowait((is_well_shaped, {\\\'kel\\\': p}))\\n\', \'  File "/usr/lib/python3.6/multiprocessing/queues.py", line 129, in put_nowait\\n    return self.put(obj, False)\\n\']'}
NoneType: None
2020-01-08 18:34:46,098 INFO Current Process with pid 3273 with status running launched by the user ezafati
2020-01-08 18:34:47,132 INFO ############### END READ MESH FILE WITH SUCCESS   ###########################
2020-01-08 18:34:47,258 INFO DOMAIN WITH 103 POINTS IN BOUNDARY
2020-01-08 18:35:13,199 INFO PROCESS TERMINATES WITH NO MORE SKINNY TRIANGLE
2020-01-08 18:35:13,201 INFO MESH GENERATED WITH 237 POINTS
2020-01-08 18:35:13,249 INFO  Process  3273  terminates: user CPU time 4.18, system cpu time 1.67
2020-01-10 17:56:25,011 INFO Current Process with pid 2206 with status running launched by the user ezafati
2020-01-10 17:56:32,860 INFO ############### END READ MESH FILE WITH SUCCESS   ###########################
2020-01-10 17:56:35,872 INFO DOMAIN WITH 103 POINTS IN BOUNDARY
2020-01-10 17:57:12,338 INFO PROCESS TERMINATES WITH NO MORE SKINNY TRIANGLE
2020-01-10 17:57:12,339 INFO MESH GENERATED WITH 237 POINTS
2020-01-10 17:57:12,360 INFO  Process  2206  terminates: user CPU time 4.03, system cpu time 1.53
2020-01-19 20:14:09,287 INFO Current Process with pid 3409 with status running launched by the user ezafati
2020-01-19 20:14:10,546 INFO ############### END READ MESH FILE WITH SUCCESS   ###########################
2020-01-19 20:14:10,621 INFO DOMAIN WITH 103 POINTS IN BOUNDARY
2020-01-19 20:14:22,949 INFO PROCESS TERMINATES WITH NO MORE SKINNY TRIANGLE
2020-01-19 20:14:22,950 INFO MESH GENERATED WITH 237 POINTS
2020-01-19 20:14:22,953 INFO  Process  3409  terminates: user CPU time 1.97, system cpu time 1.12
2020-01-19 20:15:26,997 INFO Current Process with pid 3841 with status running launched by the user ezafati
2020-01-19 20:15:27,633 INFO ############### END READ MESH FILE WITH SUCCESS   ###########################
2020-01-19 20:15:27,711 INFO DOMAIN WITH 103 POINTS IN BOUNDARY
2020-01-19 20:15:40,274 INFO PROCESS TERMINATES WITH NO MORE SKINNY TRIANGLE
2020-01-19 20:15:40,275 INFO MESH GENERATED WITH 237 POINTS
2020-01-19 20:15:40,277 INFO  Process  3841  terminates: user CPU time 1.93, system cpu time 0.86
2020-01-19 20:15:49,049 INFO Current Process with pid 4313 with status running launched by the user ezafati
2020-01-19 20:15:49,551 INFO ############### END READ MESH FILE WITH SUCCESS   ###########################
2020-01-19 20:15:49,631 INFO DOMAIN WITH 103 POINTS IN BOUNDARY
2020-01-19 20:16:02,650 INFO PROCESS TERMINATES WITH NO MORE SKINNY TRIANGLE
2020-01-19 20:16:02,650 INFO MESH GENERATED WITH 237 POINTS
2020-01-19 20:16:43,845 INFO  Process  4313  terminates: user CPU time 3.66, system cpu time 1.5
2020-01-19 20:17:22,949 INFO Current Process with pid 4746 with status running launched by the user ezafati
2020-01-19 20:17:23,522 INFO ############### END READ MESH FILE WITH SUCCESS   ###########################
2020-01-19 20:17:23,600 INFO DOMAIN WITH 103 POINTS IN BOUNDARY
2020-01-19 20:17:40,637 INFO PROCESS TERMINATES WITH NO MORE SKINNY TRIANGLE
2020-01-19 20:17:40,637 INFO MESH GENERATED WITH 263 POINTS
2020-01-19 20:17:48,194 INFO  Process  4746  terminates: user CPU time 3.38, system cpu time 1.36
2020-01-19 20:28:53,919 INFO Current Process with pid 5329 with status running launched by the user ezafati
2020-01-19 20:28:54,579 INFO ############### END READ MESH FILE WITH SUCCESS   ###########################
2020-01-19 20:28:54,648 INFO DOMAIN WITH 103 POINTS IN BOUNDARY
2020-01-19 20:31:04,550 ERROR {'exception_type': "<class 'KeyboardInterrupt'>", 'message': '[\'  File "/home/ezafati/mesh_project/meshproject/tests/read_test.py", line 34, in <module>\\n    result = read_file("maillage5.txt", p)\\n\', \'  File "/home/ezafati/mesh_project/meshproject/src/read_data.py", line 36, in read_file\\n    run_tri_mesh(partmesh, process)\\n\', \'  File "/home/ezafati/mesh_project/meshproject/src/MeshAlg/global_DT.py", line 54, in run_tri_mesh\\n    refinement_method(module_var.tree_refinement, plist, nl, task_queue, *params)\\n\', \'  File "/home/ezafati/mesh_project/meshproject/src/MeshAlg/chew_insert_algorithm.py", line 96, in chew_add_point\\n    task_queue.join()\\n\', \'  File "/usr/lib/python3.6/multiprocessing/queues.py", line 305, in join\\n    self._cond.wait()\\n\', \'  File "/usr/lib/python3.6/multiprocessing/synchronize.py", line 261, in wait\\n    return self._wait_semaphore.acquire(True, timeout)\\n\']'}
NoneType: None
2020-01-19 20:32:07,810 INFO Current Process with pid 5658 with status running launched by the user ezafati
2020-01-19 20:32:08,314 INFO ############### END READ MESH FILE WITH SUCCESS   ###########################
2020-01-19 20:32:08,434 INFO DOMAIN WITH 103 POINTS IN BOUNDARY
2020-01-19 20:32:25,855 INFO PROCESS TERMINATES WITH NO MORE SKINNY TRIANGLE
2020-01-19 20:32:25,855 INFO MESH GENERATED WITH 263 POINTS
2020-01-19 20:32:25,858 INFO  Process  5658  terminates: user CPU time 2.33, system cpu time 1.11
2020-01-19 20:39:27,843 INFO Current Process with pid 6277 with status running launched by the user ezafati
2020-01-19 20:39:28,433 INFO ############### END READ MESH FILE WITH SUCCESS   ###########################
2020-01-19 20:39:28,503 INFO DOMAIN WITH 103 POINTS IN BOUNDARY
2020-01-19 20:39:44,203 INFO PROCESS TERMINATES WITH NO MORE SKINNY TRIANGLE
2020-01-19 20:39:44,203 INFO MESH GENERATED WITH 263 POINTS
2020-01-19 20:39:44,206 INFO  Process  6277  terminates: user CPU time 2.28, system cpu time 1.13
2020-01-19 20:44:41,537 INFO Current Process with pid 6834 with status running launched by the user ezafati
2020-01-19 20:44:41,992 INFO ############### END READ MESH FILE WITH SUCCESS   ###########################
2020-01-19 20:44:42,079 INFO DOMAIN WITH 103 POINTS IN BOUNDARY
2020-01-19 20:44:58,290 INFO PROCESS TERMINATES WITH NO MORE SKINNY TRIANGLE
2020-01-19 20:44:58,291 INFO MESH GENERATED WITH 263 POINTS
2020-01-19 20:44:58,295 INFO  Process  6834  terminates: user CPU time 2.29, system cpu time 1.17
2020-01-19 20:46:11,561 INFO Current Process with pid 7342 with status running launched by the user ezafati
2020-01-19 20:46:12,095 INFO ############### END READ MESH FILE WITH SUCCESS   ###########################
2020-01-19 20:46:12,191 INFO DOMAIN WITH 103 POINTS IN BOUNDARY
2020-01-19 20:46:28,941 INFO PROCESS TERMINATES WITH NO MORE SKINNY TRIANGLE
2020-01-19 20:46:28,941 INFO MESH GENERATED WITH 263 POINTS
2020-01-19 20:46:28,945 INFO  Process  7342  terminates: user CPU time 2.22, system cpu time 1.21
2020-01-19 20:48:37,105 INFO Current Process with pid 7867 with status running launched by the user ezafati
2020-01-19 20:48:37,586 INFO ############### END READ MESH FILE WITH SUCCESS   ###########################
2020-01-19 20:48:37,668 INFO DOMAIN WITH 103 POINTS IN BOUNDARY
2020-01-19 20:48:53,614 INFO PROCESS TERMINATES WITH NO MORE SKINNY TRIANGLE
2020-01-19 20:48:53,614 INFO MESH GENERATED WITH 263 POINTS
2020-01-19 20:48:53,617 INFO  Process  7867  terminates: user CPU time 2.24, system cpu time 1.2
2020-01-19 20:54:07,632 INFO Current Process with pid 8401 with status running launched by the user ezafati
2020-01-19 20:54:08,111 INFO ############### END READ MESH FILE WITH SUCCESS   ###########################
2020-01-19 20:54:08,187 INFO DOMAIN WITH 103 POINTS IN BOUNDARY
2020-01-19 20:54:24,069 INFO PROCESS TERMINATES WITH NO MORE SKINNY TRIANGLE
2020-01-19 20:54:24,069 INFO MESH GENERATED WITH 263 POINTS
2020-01-19 20:54:24,073 INFO  Process  8401  terminates: user CPU time 2.26, system cpu time 1.2
2020-01-19 20:56:10,262 INFO Current Process with pid 8963 with status running launched by the user ezafati
2020-01-19 20:56:10,778 INFO ############### END READ MESH FILE WITH SUCCESS   ###########################
2020-01-19 20:56:10,864 INFO DOMAIN WITH 103 POINTS IN BOUNDARY
2020-01-19 20:56:28,469 INFO PROCESS TERMINATES WITH NO MORE SKINNY TRIANGLE
2020-01-19 20:56:28,469 INFO MESH GENERATED WITH 263 POINTS
2020-01-19 20:56:28,473 INFO  Process  8963  terminates: user CPU time 2.18, system cpu time 1.22
2020-01-20 21:07:43,326 INFO Current Process with pid 3971 with status running launched by the user ezafati
2020-01-20 21:07:44,651 INFO ############### END READ MESH FILE WITH SUCCESS   ###########################
2020-01-20 21:07:44,730 INFO DOMAIN WITH 103 POINTS IN BOUNDARY
2020-01-20 21:08:01,356 INFO PROCESS TERMINATES WITH NO MORE SKINNY TRIANGLE
2020-01-20 21:08:01,356 INFO MESH GENERATED WITH 263 POINTS
2020-01-20 21:08:01,366 ERROR {'exception_type': "<class 'TypeError'>", 'message': '[\'  File "/home/ezafati/mesh_project/meshproject/tests/read_test.py", line 34, in <module>\\n    result = read_file("maillage5.txt", p)\\n\', \'  File "/home/ezafati/mesh_project/meshproject/src/read_data.py", line 36, in read_file\\n    run_tri_mesh(module_var.partmesh, process)\\n\', \'  File "/home/ezafati/mesh_project/meshproject/src/MeshAlg/global_DT.py", line 60, in run_tri_mesh\\n    save_ezamesh_file()\\n\', \'  File "/home/ezafati/mesh_project/meshproject/src/post_traitement/save_mesh.py", line 37, in save_ezamesh_file\\n    ptlist = \\\',\\\'.join(module_var.partmesh.mapboundpts[kbound])\\n\']sequence item 0: expected str instance, int found'}
NoneType: None
2020-01-20 21:10:33,115 INFO Current Process with pid 4485 with status running launched by the user ezafati
2020-01-20 21:10:33,814 INFO ############### END READ MESH FILE WITH SUCCESS   ###########################
2020-01-20 21:10:33,888 INFO DOMAIN WITH 103 POINTS IN BOUNDARY
2020-01-20 21:10:50,600 INFO PROCESS TERMINATES WITH NO MORE SKINNY TRIANGLE
2020-01-20 21:10:50,600 INFO MESH GENERATED WITH 263 POINTS
2020-01-20 21:10:50,601 ERROR {'exception_type': "<class 'TypeError'>", 'message': '[\'  File "/home/ezafati/mesh_project/meshproject/tests/read_test.py", line 34, in <module>\\n    result = read_file("maillage5.txt", p)\\n\', \'  File "/home/ezafati/mesh_project/meshproject/src/read_data.py", line 36, in read_file\\n    run_tri_mesh(module_var.partmesh, process)\\n\', \'  File "/home/ezafati/mesh_project/meshproject/src/MeshAlg/global_DT.py", line 60, in run_tri_mesh\\n    save_ezamesh_file()\\n\', \'  File "/home/ezafati/mesh_project/meshproject/src/post_traitement/save_mesh.py", line 38, in save_ezamesh_file\\n    ptlist = \\\',\\\'.join(module_var.partmesh.mapboundpts[kbound])\\n\']sequence item 0: expected str instance, int found'}
NoneType: None
2020-01-20 21:20:26,964 INFO Current Process with pid 5020 with status running launched by the user ezafati
2020-01-20 21:20:27,469 INFO ############### END READ MESH FILE WITH SUCCESS   ###########################
2020-01-20 21:20:27,567 INFO DOMAIN WITH 103 POINTS IN BOUNDARY
2020-01-20 21:20:43,299 INFO PROCESS TERMINATES WITH NO MORE SKINNY TRIANGLE
2020-01-20 21:20:43,299 INFO MESH GENERATED WITH 263 POINTS
2020-01-20 21:20:43,303 INFO  Process  5020  terminates: user CPU time 2.31, system cpu time 1.0
2020-03-16 16:28:17,484 INFO Current Process with pid 4861 with status running launched by the user ezafati
2020-03-16 16:28:18,221 INFO ############### END READ MESH FILE WITH SUCCESS   ###########################
2020-03-16 16:28:18,306 INFO DOMAIN WITH 103 POINTS IN BOUNDARY
2020-03-16 16:28:35,743 INFO PROCESS TERMINATES WITH NO MORE SKINNY TRIANGLE
2020-03-16 16:28:35,743 INFO MESH GENERATED WITH 263 POINTS
2020-03-16 16:28:35,746 INFO  Process  4861  terminates: user CPU time 2.33, system cpu time 1.09
2020-03-17 16:59:34,721 INFO Current Process with pid 8265 with status running launched by the user ezafati
2020-03-17 16:59:35,813 ERROR {'exception_type': "<class 'systemutils.AlreadyExistError'>", 'message': '[\'  File "/home/ezafati/meshproject/EZAMESH/tests/read_test.py", line 34, in <module>\\n    result = read_file("maillage5.txt", p)\\n\', \'  File "/home/ezafati/meshproject/EZAMESH/src/read_data.py", line 26, in read_file\\n    switch_case(fields, n_line, meshfile)\\n\', \'  File "/home/ezafati/meshproject/EZAMESH/src/read_data.py", line 50, in switch_case\\n    switcher.get(fields[2])(fields)\\n\', \'  File "/home/ezafati/meshproject/EZAMESH/src/read_data.py", line 41, in <lambda>\\n    \\\'POINT\\\': lambda fields: module_var.parsefile.make_point(fields, n_line),\\n\', \'  File "/home/ezafati/meshproject/EZAMESH/src/MeshObjects/GeObjects.py", line 322, in make_point\\n    raise AlreadyExistError(f\\\'The label {label} is provided more than once\\\') from None\\n\']The label E is provided more than once'}
NoneType: None
2020-03-17 17:01:07,296 INFO Current Process with pid 8313 with status running launched by the user ezafati
2020-03-17 17:01:07,864 ERROR {'exception_type': "<class 'systemutils.AlreadyExistError'>", 'message': '[\'  File "/home/ezafati/meshproject/EZAMESH/tests/read_test.py", line 34, in <module>\\n    result = read_file("maillage5.txt", p)\\n\', \'  File "/home/ezafati/meshproject/EZAMESH/src/read_data.py", line 26, in read_file\\n    switch_case(fields, n_line, meshfile)\\n\', \'  File "/home/ezafati/meshproject/EZAMESH/src/read_data.py", line 50, in switch_case\\n    switcher.get(fields[2])(fields)\\n\', \'  File "/home/ezafati/meshproject/EZAMESH/src/read_data.py", line 42, in <lambda>\\n    \\\'LINE\\\': lambda fields: module_var.parsefile.make_boundary(fields, n_line),\\n\', \'  File "/home/ezafati/meshproject/EZAMESH/src/MeshObjects/GeObjects.py", line 334, in make_boundary\\n    raise AlreadyExistError(f\\\'The label {label} is provided more than once\\\') from None\\n\']The label L5 is provided more than once'}
NoneType: None
2020-03-17 17:01:40,343 INFO Current Process with pid 8321 with status running launched by the user ezafati
2020-03-17 17:01:40,844 INFO ############### END READ MESH FILE WITH SUCCESS   ###########################
2020-03-17 17:01:40,955 INFO DOMAIN WITH 103 POINTS IN BOUNDARY
2020-03-17 17:01:58,728 INFO PROCESS TERMINATES WITH NO MORE SKINNY TRIANGLE
2020-03-17 17:01:58,729 INFO MESH GENERATED WITH 263 POINTS
2020-03-17 17:01:58,736 INFO DOMAIN WITH 300 POINTS IN BOUNDARY
2020-03-17 17:03:20,004 ERROR {'exception_type': "<class 'KeyboardInterrupt'>", 'message': '[\'  File "/home/ezafati/meshproject/EZAMESH/tests/read_test.py", line 34, in <module>\\n    result = read_file("maillage5.txt", p)\\n\', \'  File "/home/ezafati/meshproject/EZAMESH/src/read_data.py", line 36, in read_file\\n    run_tri_mesh(module_var.partmesh, process)\\n\', \'  File "/home/ezafati/meshproject/EZAMESH/src/MeshAlg/global_DT.py", line 54, in run_tri_mesh\\n    refinement_method(module_var.tree_refinement, plist, nl, task_queue, *params)\\n\', \'  File "/home/ezafati/meshproject/EZAMESH/src/MeshAlg/chew_insert_algorithm.py", line 96, in chew_add_point\\n    task_queue.join()\\n\', \'  File "/usr/lib/python3.6/multiprocessing/queues.py", line 305, in join\\n    self._cond.wait()\\n\', \'  File "/usr/lib/python3.6/multiprocessing/synchronize.py", line 261, in wait\\n    return self._wait_semaphore.acquire(True, timeout)\\n\']'}
NoneType: None
2020-03-17 17:09:31,280 INFO Current Process with pid 10328 with status running launched by the user ezafati
2020-03-17 17:09:31,793 INFO ############### END READ MESH FILE WITH SUCCESS   ###########################
2020-03-17 17:09:31,794 INFO DOMAIN WITH 40 POINTS IN BOUNDARY
2020-03-17 17:09:32,585 INFO PROCESS TERMINATES WITH NO MORE SKINNY TRIANGLE
2020-03-17 17:09:32,586 INFO MESH GENERATED WITH 77 POINTS
2020-03-17 17:09:32,588 INFO DOMAIN WITH 40 POINTS IN BOUNDARY
2020-03-17 17:09:33,333 INFO PROCESS TERMINATES WITH NO MORE SKINNY TRIANGLE
2020-03-17 17:09:33,333 INFO MESH GENERATED WITH 77 POINTS
2020-03-17 17:09:33,335 INFO  Process  10328  terminates: user CPU time 0.91, system cpu time 0.48
2020-03-17 17:12:12,965 INFO Current Process with pid 10593 with status running launched by the user ezafati
2020-03-17 17:12:13,475 INFO ############### END READ MESH FILE WITH SUCCESS   ###########################
2020-03-17 17:12:13,476 INFO DOMAIN WITH 40 POINTS IN BOUNDARY
2020-03-17 17:12:14,314 INFO PROCESS TERMINATES WITH NO MORE SKINNY TRIANGLE
2020-03-17 17:12:14,314 INFO MESH GENERATED WITH 77 POINTS
2020-03-17 17:12:14,316 INFO DOMAIN WITH 40 POINTS IN BOUNDARY
2020-03-17 17:12:15,257 INFO PROCESS TERMINATES WITH NO MORE SKINNY TRIANGLE
2020-03-17 17:12:15,258 INFO MESH GENERATED WITH 77 POINTS
2020-03-17 17:12:15,259 INFO  Process  10593  terminates: user CPU time 0.98, system cpu time 0.44
2020-03-17 17:25:18,293 INFO Current Process with pid 10951 with status running launched by the user ezafati
2020-03-17 17:25:18,782 INFO ############### END READ MESH FILE WITH SUCCESS   ###########################
2020-03-17 17:25:18,783 INFO DOMAIN WITH 40 POINTS IN BOUNDARY
2020-03-17 17:25:19,734 INFO PROCESS TERMINATES WITH NO MORE SKINNY TRIANGLE
2020-03-17 17:25:19,735 INFO MESH GENERATED WITH 77 POINTS
2020-03-17 17:25:19,737 INFO DOMAIN WITH 40 POINTS IN BOUNDARY
2020-03-17 17:25:20,577 INFO PROCESS TERMINATES WITH NO MORE SKINNY TRIANGLE
2020-03-17 17:25:20,577 INFO MESH GENERATED WITH 77 POINTS
2020-03-17 17:25:20,579 INFO  Process  10951  terminates: user CPU time 0.83, system cpu time 0.54
2020-03-17 17:26:13,382 INFO Current Process with pid 11200 with status running launched by the user ezafati
2020-03-17 17:26:13,895 INFO ############### END READ MESH FILE WITH SUCCESS   ###########################
2020-03-17 17:26:13,896 INFO DOMAIN WITH 40 POINTS IN BOUNDARY
2020-03-17 17:26:14,701 INFO PROCESS TERMINATES WITH NO MORE SKINNY TRIANGLE
2020-03-17 17:26:14,701 INFO MESH GENERATED WITH 77 POINTS
2020-03-17 17:26:14,703 INFO DOMAIN WITH 40 POINTS IN BOUNDARY
2020-03-17 17:26:15,456 INFO PROCESS TERMINATES WITH NO MORE SKINNY TRIANGLE
2020-03-17 17:26:15,456 INFO MESH GENERATED WITH 77 POINTS
2020-03-17 17:26:15,457 INFO  Process  11200  terminates: user CPU time 0.84, system cpu time 0.54
2020-03-17 18:15:04,351 INFO Current Process with pid 11791 with status running launched by the user ezafati
2020-03-17 18:15:04,885 INFO ############### END READ MESH FILE WITH SUCCESS   ###########################
2020-03-17 18:15:04,886 INFO DOMAIN WITH 40 POINTS IN BOUNDARY
2020-03-17 18:15:05,667 INFO PROCESS TERMINATES WITH NO MORE SKINNY TRIANGLE
2020-03-17 18:15:05,667 INFO MESH GENERATED WITH 77 POINTS
2020-03-17 18:15:05,669 INFO DOMAIN WITH 40 POINTS IN BOUNDARY
2020-03-17 18:15:06,453 INFO PROCESS TERMINATES WITH NO MORE SKINNY TRIANGLE
2020-03-17 18:15:06,453 INFO MESH GENERATED WITH 77 POINTS
2020-03-17 18:15:06,454 INFO  Process  11791  terminates: user CPU time 0.86, system cpu time 0.48
2020-03-17 18:15:16,475 INFO Current Process with pid 12035 with status running launched by the user ezafati
2020-03-17 18:15:18,183 INFO ############### END READ MESH FILE WITH SUCCESS   ###########################
2020-03-17 18:15:18,251 INFO DOMAIN WITH 40 POINTS IN BOUNDARY
2020-03-17 18:15:20,426 INFO PROCESS TERMINATES WITH NO MORE SKINNY TRIANGLE
2020-03-17 18:15:20,427 INFO MESH GENERATED WITH 77 POINTS
2020-03-17 18:15:20,429 INFO DOMAIN WITH 40 POINTS IN BOUNDARY
2020-03-17 18:15:21,530 INFO PROCESS TERMINATES WITH NO MORE SKINNY TRIANGLE
2020-03-17 18:15:21,530 INFO MESH GENERATED WITH 77 POINTS
2020-03-17 18:15:21,534 INFO  Process  12035  terminates: user CPU time 0.84, system cpu time 0.41
2020-03-17 18:15:48,373 INFO Current Process with pid 12282 with status running launched by the user ezafati
2020-03-17 18:15:48,947 INFO ############### END READ MESH FILE WITH SUCCESS   ###########################
2020-03-17 18:15:48,948 INFO DOMAIN WITH 40 POINTS IN BOUNDARY
2020-03-17 18:15:49,786 INFO PROCESS TERMINATES WITH NO MORE SKINNY TRIANGLE
2020-03-17 18:15:49,787 INFO MESH GENERATED WITH 77 POINTS
2020-03-17 18:15:49,796 INFO DOMAIN WITH 40 POINTS IN BOUNDARY
2020-03-17 18:15:50,556 INFO PROCESS TERMINATES WITH NO MORE SKINNY TRIANGLE
2020-03-17 18:15:50,557 INFO MESH GENERATED WITH 77 POINTS
2020-03-17 18:15:50,558 INFO  Process  12282  terminates: user CPU time 0.86, system cpu time 0.46
2020-03-17 18:16:08,278 INFO Current Process with pid 12522 with status running launched by the user ezafati
2020-03-17 18:16:08,756 INFO ############### END READ MESH FILE WITH SUCCESS   ###########################
2020-03-17 18:16:08,756 INFO DOMAIN WITH 40 POINTS IN BOUNDARY
2020-03-17 18:16:09,560 INFO PROCESS TERMINATES WITH NO MORE SKINNY TRIANGLE
2020-03-17 18:16:09,561 INFO MESH GENERATED WITH 77 POINTS
2020-03-17 18:16:09,562 INFO DOMAIN WITH 40 POINTS IN BOUNDARY
2020-03-17 18:16:10,355 INFO PROCESS TERMINATES WITH NO MORE SKINNY TRIANGLE
2020-03-17 18:16:10,356 INFO MESH GENERATED WITH 77 POINTS
2020-03-17 18:16:10,358 INFO  Process  12522  terminates: user CPU time 0.89, system cpu time 0.48
2020-03-17 18:16:16,790 INFO Current Process with pid 12758 with status running launched by the user ezafati
2020-03-17 18:16:17,378 INFO ############### END READ MESH FILE WITH SUCCESS   ###########################
2020-03-17 18:16:17,379 INFO DOMAIN WITH 40 POINTS IN BOUNDARY
2020-03-17 18:16:18,481 INFO PROCESS TERMINATES WITH NO MORE SKINNY TRIANGLE
2020-03-17 18:16:18,481 INFO MESH GENERATED WITH 77 POINTS
2020-03-17 18:16:18,483 INFO DOMAIN WITH 40 POINTS IN BOUNDARY
2020-03-17 18:16:19,590 INFO PROCESS TERMINATES WITH NO MORE SKINNY TRIANGLE
2020-03-17 18:16:19,590 INFO MESH GENERATED WITH 77 POINTS
2020-03-17 18:16:19,592 INFO  Process  12758  terminates: user CPU time 0.86, system cpu time 0.4
2020-03-17 18:16:59,899 INFO Current Process with pid 13014 with status running launched by the user ezafati
2020-03-17 18:17:02,310 INFO ############### END READ MESH FILE WITH SUCCESS   ###########################
2020-03-17 18:17:02,418 INFO DOMAIN WITH 40 POINTS IN BOUNDARY
2020-03-17 18:17:05,410 INFO PROCESS TERMINATES WITH NO MORE SKINNY TRIANGLE
2020-03-17 18:17:05,411 INFO MESH GENERATED WITH 77 POINTS
2020-03-17 18:17:05,413 INFO DOMAIN WITH 40 POINTS IN BOUNDARY
2020-03-17 18:17:06,547 INFO PROCESS TERMINATES WITH NO MORE SKINNY TRIANGLE
2020-03-17 18:17:06,547 INFO MESH GENERATED WITH 77 POINTS
2020-03-17 18:17:06,548 INFO  Process  13014  terminates: user CPU time 0.9, system cpu time 0.4
2020-03-18 15:04:37,179 INFO Current Process with pid 17926 with status running launched by the user ezafati
2020-03-18 15:04:38,356 INFO ############### END READ MESH FILE WITH SUCCESS   ###########################
2020-03-18 15:04:38,356 INFO DOMAIN WITH 40 POINTS IN BOUNDARY
2020-03-18 15:04:39,085 INFO PROCESS TERMINATES WITH NO MORE SKINNY TRIANGLE
2020-03-18 15:04:39,085 INFO MESH GENERATED WITH 77 POINTS
2020-03-18 15:04:39,094 ERROR {'exception_type': "<class 'AttributeError'>", 'message': '[\'  File "/home/ezafati/meshproject/EZAMESH/tests/read_test.py", line 34, in <module>\\n    result = read_file("maillage9.txt", p)\\n\', \'  File "/home/ezafati/meshproject/EZAMESH/src/read_data.py", line 36, in read_file\\n    run_tri_mesh(module_var.partmesh, process)\\n\', \'  File "/home/ezafati/meshproject/EZAMESH/src/MeshAlg/global_DT.py", line 60, in run_tri_mesh\\n    save_ezamesh_file()\\n\', \'  File "/home/ezafati/meshproject/EZAMESH/src/post_traitement/save_mesh.py", line 36, in save_ezamesh_file\\n    f.write(f\\\'TOTAL: {len(module_var.partmesh.mapboundpt)}\\\\n\\\')\\n\']\'Mesh\' object has no attribute \'mapboundpt\''}
NoneType: None
2020-03-18 15:05:14,793 INFO Current Process with pid 18067 with status running launched by the user ezafati
2020-03-18 15:05:15,373 INFO ############### END READ MESH FILE WITH SUCCESS   ###########################
2020-03-18 15:05:15,373 INFO DOMAIN WITH 40 POINTS IN BOUNDARY
2020-03-18 15:05:16,125 INFO PROCESS TERMINATES WITH NO MORE SKINNY TRIANGLE
2020-03-18 15:05:16,125 INFO MESH GENERATED WITH 77 POINTS
2020-03-18 15:05:16,127 INFO DOMAIN WITH 40 POINTS IN BOUNDARY
2020-03-18 15:05:16,852 INFO PROCESS TERMINATES WITH NO MORE SKINNY TRIANGLE
2020-03-18 15:05:16,853 INFO MESH GENERATED WITH 77 POINTS
2020-03-18 15:05:16,855 INFO  Process  18067  terminates: user CPU time 0.8, system cpu time 0.48
2020-03-18 15:05:58,856 INFO Current Process with pid 18343 with status running launched by the user ezafati
2020-03-18 15:05:59,544 INFO ############### END READ MESH FILE WITH SUCCESS   ###########################
2020-03-18 15:05:59,544 INFO DOMAIN WITH 40 POINTS IN BOUNDARY
2020-03-18 15:06:00,318 INFO PROCESS TERMINATES WITH NO MORE SKINNY TRIANGLE
2020-03-18 15:06:00,318 INFO MESH GENERATED WITH 77 POINTS
2020-03-18 15:06:00,320 INFO DOMAIN WITH 40 POINTS IN BOUNDARY
2020-03-18 15:06:01,054 INFO PROCESS TERMINATES WITH NO MORE SKINNY TRIANGLE
2020-03-18 15:06:01,054 INFO MESH GENERATED WITH 77 POINTS
2020-03-18 15:06:01,055 INFO  Process  18343  terminates: user CPU time 0.85, system cpu time 0.46
2020-03-18 16:44:29,817 INFO Current Process with pid 19223 with status running launched by the user ezafati
2020-03-18 16:44:30,356 INFO ############### END READ MESH FILE WITH SUCCESS   ###########################
2020-03-18 16:44:30,356 INFO DOMAIN WITH 40 POINTS IN BOUNDARY
2020-03-18 16:44:31,129 INFO PROCESS TERMINATES WITH NO MORE SKINNY TRIANGLE
2020-03-18 16:44:31,129 INFO MESH GENERATED WITH 77 POINTS
2020-03-18 16:44:31,131 INFO DOMAIN WITH 40 POINTS IN BOUNDARY
2020-03-18 16:44:31,952 INFO PROCESS TERMINATES WITH NO MORE SKINNY TRIANGLE
2020-03-18 16:44:31,952 INFO MESH GENERATED WITH 77 POINTS
2020-03-18 16:44:31,955 INFO  Process  19223  terminates: user CPU time 0.91, system cpu time 0.47
2020-03-18 16:45:41,319 INFO Current Process with pid 19512 with status running launched by the user ezafati
2020-03-18 16:45:41,781 INFO ############### END READ MESH FILE WITH SUCCESS   ###########################
2020-03-18 16:45:41,782 INFO DOMAIN WITH 40 POINTS IN BOUNDARY
2020-03-18 16:45:42,571 INFO PROCESS TERMINATES WITH NO MORE SKINNY TRIANGLE
2020-03-18 16:45:42,571 INFO MESH GENERATED WITH 77 POINTS
2020-03-18 16:45:42,573 INFO DOMAIN WITH 40 POINTS IN BOUNDARY
2020-03-18 16:45:43,334 INFO PROCESS TERMINATES WITH NO MORE SKINNY TRIANGLE
2020-03-18 16:45:43,335 INFO MESH GENERATED WITH 77 POINTS
2020-03-18 16:45:43,336 INFO  Process  19512  terminates: user CPU time 0.87, system cpu time 0.5
2020-03-18 16:45:52,527 INFO Current Process with pid 19747 with status running launched by the user ezafati
2020-03-18 16:45:53,041 INFO ############### END READ MESH FILE WITH SUCCESS   ###########################
2020-03-18 16:45:53,041 INFO DOMAIN WITH 40 POINTS IN BOUNDARY
2020-03-18 16:45:53,871 INFO PROCESS TERMINATES WITH NO MORE SKINNY TRIANGLE
2020-03-18 16:45:53,871 INFO MESH GENERATED WITH 77 POINTS
2020-03-18 16:45:53,873 INFO DOMAIN WITH 40 POINTS IN BOUNDARY
2020-03-18 16:45:54,660 INFO PROCESS TERMINATES WITH NO MORE SKINNY TRIANGLE
2020-03-18 16:45:54,661 INFO MESH GENERATED WITH 77 POINTS
2020-03-18 16:45:54,664 INFO  Process  19747  terminates: user CPU time 0.87, system cpu time 0.52
2020-03-23 08:38:21,627 INFO Current Process with pid 5062 with status running launched by the user ezafati
2020-03-23 08:38:22,632 INFO ############### END READ MESH FILE WITH SUCCESS   ###########################
2020-03-23 08:38:22,632 INFO DOMAIN WITH 40 POINTS IN BOUNDARY
2020-03-23 08:38:23,421 INFO PROCESS TERMINATES WITH NO MORE SKINNY TRIANGLE
2020-03-23 08:38:23,422 INFO MESH GENERATED WITH 77 POINTS
2020-03-23 08:38:23,423 INFO DOMAIN WITH 40 POINTS IN BOUNDARY
2020-03-23 08:38:24,397 INFO PROCESS TERMINATES WITH NO MORE SKINNY TRIANGLE
2020-03-23 08:38:24,398 INFO MESH GENERATED WITH 77 POINTS
2020-03-23 08:38:24,399 INFO  Process  5062  terminates: user CPU time 0.84, system cpu time 0.74
2020-03-26 08:49:55,413 INFO Current Process with pid 4500 with status running launched by the user ezafati
2020-03-26 08:49:58,022 INFO ############### END READ MESH FILE WITH SUCCESS   ###########################
2020-03-26 08:49:58,023 INFO DOMAIN WITH 40 POINTS IN BOUNDARY
2020-03-26 08:50:00,342 INFO PROCESS TERMINATES WITH NO MORE SKINNY TRIANGLE
2020-03-26 08:50:00,344 INFO MESH GENERATED WITH 77 POINTS
2020-03-26 08:50:00,408 INFO DOMAIN WITH 40 POINTS IN BOUNDARY
2020-03-26 08:50:02,485 INFO PROCESS TERMINATES WITH NO MORE SKINNY TRIANGLE
2020-03-26 08:50:02,488 INFO MESH GENERATED WITH 77 POINTS
2020-03-26 08:50:02,503 INFO  Process  4500  terminates: user CPU time 2.44, system cpu time 1.36
2020-03-27 08:58:30,372 INFO Current Process with pid 7813 with status running launched by the user ezafati
2020-03-27 08:58:33,128 INFO ############### END READ MESH FILE WITH SUCCESS   ###########################
2020-03-27 08:58:33,129 INFO DOMAIN WITH 40 POINTS IN BOUNDARY
2020-03-27 08:58:34,837 INFO PROCESS TERMINATES WITH NO MORE SKINNY TRIANGLE
2020-03-27 08:58:34,838 INFO MESH GENERATED WITH 77 POINTS
2020-03-27 08:58:34,841 INFO DOMAIN WITH 40 POINTS IN BOUNDARY
2020-03-27 08:58:36,257 INFO PROCESS TERMINATES WITH NO MORE SKINNY TRIANGLE
2020-03-27 08:58:36,257 INFO MESH GENERATED WITH 77 POINTS
2020-03-27 08:58:36,260 INFO  Process  7813  terminates: user CPU time 2.04, system cpu time 0.95
2020-03-27 13:16:38,285 INFO Current Process with pid 8615 with status running launched by the user ezafati
2020-03-27 13:16:38,812 INFO ############### END READ MESH FILE WITH SUCCESS   ###########################
2020-03-27 13:16:38,812 INFO DOMAIN WITH 40 POINTS IN BOUNDARY
2020-03-27 13:16:39,622 INFO PROCESS TERMINATES WITH NO MORE SKINNY TRIANGLE
2020-03-27 13:16:39,622 INFO MESH GENERATED WITH 77 POINTS
2020-03-27 13:16:39,625 ERROR {'exception_type': "<class 'UnboundLocalError'>", 'message': '[\'  File "/home/ezafati/meshproject/EZAMESH/tests/read_test.py", line 34, in <module>\\n    result = read_file("maillage9.txt", p)\\n\', \'  File "/home/ezafati/meshproject/EZAMESH/src/read_data.py", line 36, in read_file\\n    run_tri_mesh(module_var.partmesh, process)\\n\', \'  File "/home/ezafati/meshproject/EZAMESH/src/MeshAlg/global_DT.py", line 60, in run_tri_mesh\\n    save_ezamesh_file()\\n\', \'  File "/home/ezafati/meshproject/EZAMESH/src/post_traitement/save_mesh.py", line 59, in save_ezamesh_file\\n    create_tri6_mesh()\\n\', \'  File "/home/ezafati/meshproject/EZAMESH/src/post_traitement/save_mesh.py", line 91, in create_tri6_mesh\\n    insert_mid_point(tr=init_tr, plist=plist)\\n\', \'  File "/home/ezafati/meshproject/EZAMESH/src/post_traitement/save_mesh.py", line 114, in insert_mid_point\\n    insert_mid_point_adj(tr=adj, seg=set(seg), npt=nbpt)\\n\']local variable \'nbpt\' referenced before assignment'}
NoneType: None
2020-03-27 13:18:42,788 INFO Current Process with pid 8771 with status running launched by the user ezafati
2020-03-27 13:18:43,295 INFO ############### END READ MESH FILE WITH SUCCESS   ###########################
2020-03-27 13:18:43,295 INFO DOMAIN WITH 40 POINTS IN BOUNDARY
2020-03-27 13:18:44,164 INFO PROCESS TERMINATES WITH NO MORE SKINNY TRIANGLE
2020-03-27 13:18:44,165 INFO MESH GENERATED WITH 77 POINTS
2020-03-27 13:18:44,167 ERROR {'exception_type': "<class 'IndexError'>", 'message': '[\'  File "/home/ezafati/meshproject/EZAMESH/tests/read_test.py", line 34, in <module>\\n    result = read_file("maillage9.txt", p)\\n\', \'  File "/home/ezafati/meshproject/EZAMESH/src/read_data.py", line 36, in read_file\\n    run_tri_mesh(module_var.partmesh, process)\\n\', \'  File "/home/ezafati/meshproject/EZAMESH/src/MeshAlg/global_DT.py", line 60, in run_tri_mesh\\n    save_ezamesh_file()\\n\', \'  File "/home/ezafati/meshproject/EZAMESH/src/post_traitement/save_mesh.py", line 59, in save_ezamesh_file\\n    create_tri6_mesh()\\n\', \'  File "/home/ezafati/meshproject/EZAMESH/src/post_traitement/save_mesh.py", line 91, in create_tri6_mesh\\n    insert_mid_point(tr=init_tr, plist=plist)\\n\', \'  File "/home/ezafati/meshproject/EZAMESH/src/post_traitement/save_mesh.py", line 115, in insert_mid_point\\n    insert_mid_point(adj, plist)\\n\', \'  File "/home/ezafati/meshproject/EZAMESH/src/post_traitement/save_mesh.py", line 112, in insert_mid_point\\n    adj = [p for p in tr.adjacent if len(set(p.points) & set(seg)) > 1][0]\\n\']list index out of range'}
NoneType: None
2020-03-27 13:20:00,537 INFO Current Process with pid 8905 with status running launched by the user ezafati
2020-03-27 13:20:01,104 INFO ############### END READ MESH FILE WITH SUCCESS   ###########################
2020-03-27 13:20:01,104 INFO DOMAIN WITH 40 POINTS IN BOUNDARY
2020-03-27 13:20:02,003 INFO PROCESS TERMINATES WITH NO MORE SKINNY TRIANGLE
2020-03-27 13:20:02,003 INFO MESH GENERATED WITH 77 POINTS
2020-03-27 13:20:02,006 ERROR {'exception_type': "<class 'IndexError'>", 'message': '[\'  File "/home/ezafati/meshproject/EZAMESH/tests/read_test.py", line 34, in <module>\\n    result = read_file("maillage9.txt", p)\\n\', \'  File "/home/ezafati/meshproject/EZAMESH/src/read_data.py", line 36, in read_file\\n    run_tri_mesh(module_var.partmesh, process)\\n\', \'  File "/home/ezafati/meshproject/EZAMESH/src/MeshAlg/global_DT.py", line 60, in run_tri_mesh\\n    save_ezamesh_file()\\n\', \'  File "/home/ezafati/meshproject/EZAMESH/src/post_traitement/save_mesh.py", line 59, in save_ezamesh_file\\n    create_tri6_mesh()\\n\', \'  File "/home/ezafati/meshproject/EZAMESH/src/post_traitement/save_mesh.py", line 91, in create_tri6_mesh\\n    insert_mid_point(tr=init_tr, plist=plist)\\n\', \'  File "/home/ezafati/meshproject/EZAMESH/src/post_traitement/save_mesh.py", line 116, in insert_mid_point\\n    insert_mid_point(adj, plist)\\n\', \'  File "/home/ezafati/meshproject/EZAMESH/src/post_traitement/save_mesh.py", line 113, in insert_mid_point\\n    adj = [p for p in tr.adjacent if len(set(p.points) & set(seg)) > 1][0]\\n\']list index out of range'}
NoneType: None
2020-03-27 13:20:18,848 INFO Current Process with pid 9033 with status running launched by the user ezafati
2020-03-27 13:20:19,340 INFO ############### END READ MESH FILE WITH SUCCESS   ###########################
2020-03-27 13:20:19,341 INFO DOMAIN WITH 40 POINTS IN BOUNDARY
2020-03-27 13:20:21,396 INFO PROCESS TERMINATES WITH NO MORE SKINNY TRIANGLE
2020-03-27 13:20:21,396 INFO MESH GENERATED WITH 77 POINTS
2020-03-27 13:20:21,398 ERROR {'exception_type': "<class 'IndexError'>", 'message': '[\'  File "/home/ezafati/meshproject/EZAMESH/tests/read_test.py", line 34, in <module>\\n    result = read_file("maillage9.txt", p)\\n\', \'  File "/home/ezafati/meshproject/EZAMESH/src/read_data.py", line 36, in read_file\\n    run_tri_mesh(module_var.partmesh, process)\\n\', \'  File "/home/ezafati/meshproject/EZAMESH/src/MeshAlg/global_DT.py", line 60, in run_tri_mesh\\n    save_ezamesh_file()\\n\', \'  File "/home/ezafati/meshproject/EZAMESH/src/post_traitement/save_mesh.py", line 59, in save_ezamesh_file\\n    create_tri6_mesh()\\n\', \'  File "/home/ezafati/meshproject/EZAMESH/src/post_traitement/save_mesh.py", line 91, in create_tri6_mesh\\n    insert_mid_point(tr=init_tr, plist=plist)\\n\', \'  File "/home/ezafati/meshproject/EZAMESH/src/post_traitement/save_mesh.py", line 117, in insert_mid_point\\n    insert_mid_point(adj, plist)\\n\', \'  File "/home/ezafati/meshproject/EZAMESH/src/post_traitement/save_mesh.py", line 114, in insert_mid_point\\n    adj = [p for p in tr.adjacent if len(set(p.points) & set(seg)) > 1][0]\\n\']list index out of range'}
NoneType: None
2020-03-27 13:21:57,007 INFO Current Process with pid 9162 with status running launched by the user ezafati
2020-03-27 13:21:57,484 INFO ############### END READ MESH FILE WITH SUCCESS   ###########################
2020-03-27 13:21:57,485 INFO DOMAIN WITH 40 POINTS IN BOUNDARY
2020-03-27 13:21:58,249 INFO PROCESS TERMINATES WITH NO MORE SKINNY TRIANGLE
2020-03-27 13:21:58,250 INFO MESH GENERATED WITH 77 POINTS
2020-03-27 13:21:58,288 INFO DOMAIN WITH 40 POINTS IN BOUNDARY
2020-03-27 13:21:59,101 INFO PROCESS TERMINATES WITH NO MORE SKINNY TRIANGLE
2020-03-27 13:21:59,102 INFO MESH GENERATED WITH 77 POINTS
2020-03-27 13:21:59,131 INFO  Process  9162  terminates: user CPU time 0.88, system cpu time 0.46
2020-03-27 13:22:18,165 INFO Current Process with pid 9408 with status running launched by the user ezafati
2020-03-27 13:22:18,611 INFO ############### END READ MESH FILE WITH SUCCESS   ###########################
2020-03-27 13:22:18,611 INFO DOMAIN WITH 40 POINTS IN BOUNDARY
2020-03-27 13:22:19,356 INFO PROCESS TERMINATES WITH NO MORE SKINNY TRIANGLE
2020-03-27 13:22:19,357 INFO MESH GENERATED WITH 77 POINTS
2020-03-27 13:22:19,384 INFO DOMAIN WITH 40 POINTS IN BOUNDARY
2020-03-27 13:22:20,190 INFO PROCESS TERMINATES WITH NO MORE SKINNY TRIANGLE
2020-03-27 13:22:20,191 INFO MESH GENERATED WITH 77 POINTS
2020-03-27 13:22:20,230 INFO  Process  9408  terminates: user CPU time 0.88, system cpu time 0.42
2020-03-27 16:14:08,352 INFO Current Process with pid 10039 with status running launched by the user ezafati
2020-03-27 16:14:08,875 INFO ############### END READ MESH FILE WITH SUCCESS   ###########################
2020-03-27 16:14:08,875 INFO DOMAIN WITH 40 POINTS IN BOUNDARY
2020-03-27 16:14:09,624 INFO PROCESS TERMINATES WITH NO MORE SKINNY TRIANGLE
2020-03-27 16:14:09,624 INFO MESH GENERATED WITH 77 POINTS
2020-03-27 16:14:09,638 INFO DOMAIN WITH 40 POINTS IN BOUNDARY
2020-03-27 16:14:10,407 INFO PROCESS TERMINATES WITH NO MORE SKINNY TRIANGLE
2020-03-27 16:14:10,407 INFO MESH GENERATED WITH 77 POINTS
2020-03-27 16:14:10,422 INFO  Process  10039  terminates: user CPU time 0.85, system cpu time 0.44
2020-03-27 16:16:17,815 INFO Current Process with pid 10304 with status running launched by the user ezafati
2020-03-27 16:16:18,554 INFO ############### END READ MESH FILE WITH SUCCESS   ###########################
2020-03-27 16:16:18,554 INFO DOMAIN WITH 40 POINTS IN BOUNDARY
2020-03-27 16:16:19,571 INFO PROCESS TERMINATES WITH NO MORE SKINNY TRIANGLE
2020-03-27 16:16:19,572 INFO MESH GENERATED WITH 77 POINTS
2020-03-27 16:16:19,596 ERROR {'exception_type': "<class 'IndexError'>", 'message': '[\'  File "/home/ezafati/meshproject/EZAMESH/tests/read_test.py", line 34, in <module>\\n    result = read_file("maillage9.txt", p)\\n\', \'  File "/home/ezafati/meshproject/EZAMESH/src/read_data.py", line 36, in read_file\\n    run_tri_mesh(module_var.partmesh, process)\\n\', \'  File "/home/ezafati/meshproject/EZAMESH/src/MeshAlg/global_DT.py", line 60, in run_tri_mesh\\n    save_ezamesh_file()\\n\', \'  File "/home/ezafati/meshproject/EZAMESH/src/post_traitement/save_mesh.py", line 84, in save_ezamesh_file\\n    p3=tr.points[2], p4=tr.points[3]))\\n\']list index out of range'}
NoneType: None
2020-03-27 17:18:24,072 INFO Current Process with pid 10725 with status running launched by the user ezafati
2020-03-27 17:18:24,579 INFO ############### END READ MESH FILE WITH SUCCESS   ###########################
2020-03-27 17:18:24,579 INFO DOMAIN WITH 40 POINTS IN BOUNDARY
2020-03-27 17:18:25,401 INFO PROCESS TERMINATES WITH NO MORE SKINNY TRIANGLE
2020-03-27 17:18:25,401 INFO MESH GENERATED WITH 77 POINTS
2020-03-27 17:18:25,404 ERROR {'exception_type': "<class 'IndexError'>", 'message': '[\'  File "/home/ezafati/meshproject/EZAMESH/tests/read_test.py", line 34, in <module>\\n    result = read_file("maillage9.txt", p)\\n\', \'  File "/home/ezafati/meshproject/EZAMESH/src/read_data.py", line 36, in read_file\\n    run_tri_mesh(module_var.partmesh, process)\\n\', \'  File "/home/ezafati/meshproject/EZAMESH/src/MeshAlg/global_DT.py", line 60, in run_tri_mesh\\n    save_ezamesh_file()\\n\', \'  File "/home/ezafati/meshproject/EZAMESH/src/post_traitement/save_mesh.py", line 59, in save_ezamesh_file\\n    create_tri6_mesh()\\n\', \'  File "/home/ezafati/meshproject/EZAMESH/src/post_traitement/save_mesh.py", line 91, in create_tri6_mesh\\n    insert_mid_point(tr=init_tr, plist=plist)\\n\', \'  File "/home/ezafati/meshproject/EZAMESH/src/post_traitement/save_mesh.py", line 122, in insert_mid_point\\n    insert_mid_point(tr=adj, plist=plist)\\n\', \'  File "/home/ezafati/meshproject/EZAMESH/src/post_traitement/save_mesh.py", line 111, in insert_mid_point\\n    adj = [p for p in tr.adjacent if len(set(p.points) & set(seg)) > 1][0]\\n\']list index out of range'}
NoneType: None
2020-03-27 17:20:54,830 INFO Current Process with pid 10867 with status running launched by the user ezafati
2020-03-27 17:20:55,387 INFO ############### END READ MESH FILE WITH SUCCESS   ###########################
2020-03-27 17:20:55,388 INFO DOMAIN WITH 40 POINTS IN BOUNDARY
2020-03-27 17:20:56,256 INFO PROCESS TERMINATES WITH NO MORE SKINNY TRIANGLE
2020-03-27 17:20:56,257 INFO MESH GENERATED WITH 77 POINTS
2020-03-27 17:20:56,258 ERROR {'exception_type': "<class 'IndexError'>", 'message': '[\'  File "/home/ezafati/meshproject/EZAMESH/tests/read_test.py", line 34, in <module>\\n    result = read_file("maillage9.txt", p)\\n\', \'  File "/home/ezafati/meshproject/EZAMESH/src/read_data.py", line 36, in read_file\\n    run_tri_mesh(module_var.partmesh, process)\\n\', \'  File "/home/ezafati/meshproject/EZAMESH/src/MeshAlg/global_DT.py", line 60, in run_tri_mesh\\n    save_ezamesh_file()\\n\', \'  File "/home/ezafati/meshproject/EZAMESH/src/post_traitement/save_mesh.py", line 59, in save_ezamesh_file\\n    create_tri6_mesh()\\n\', \'  File "/home/ezafati/meshproject/EZAMESH/src/post_traitement/save_mesh.py", line 91, in create_tri6_mesh\\n    insert_mid_point(tr=init_tr, plist=plist)\\n\', \'  File "/home/ezafati/meshproject/EZAMESH/src/post_traitement/save_mesh.py", line 123, in insert_mid_point\\n    insert_mid_point(tr=adj, plist=plist)\\n\', \'  File "/home/ezafati/meshproject/EZAMESH/src/post_traitement/save_mesh.py", line 111, in insert_mid_point\\n    adj = [p for p in tr.adjacent if len(set(p.points) & set(seg)) > 1][0]\\n\']list index out of range'}
NoneType: None
2020-03-27 17:21:27,523 INFO Current Process with pid 10995 with status running launched by the user ezafati
2020-03-27 17:21:28,057 INFO ############### END READ MESH FILE WITH SUCCESS   ###########################
2020-03-27 17:21:28,057 INFO DOMAIN WITH 40 POINTS IN BOUNDARY
2020-03-27 17:21:28,852 INFO PROCESS TERMINATES WITH NO MORE SKINNY TRIANGLE
2020-03-27 17:21:28,852 INFO MESH GENERATED WITH 77 POINTS
2020-03-27 17:21:28,855 ERROR {'exception_type': "<class 'IndexError'>", 'message': '[\'  File "/home/ezafati/meshproject/EZAMESH/tests/read_test.py", line 34, in <module>\\n    result = read_file("maillage9.txt", p)\\n\', \'  File "/home/ezafati/meshproject/EZAMESH/src/read_data.py", line 36, in read_file\\n    run_tri_mesh(module_var.partmesh, process)\\n\', \'  File "/home/ezafati/meshproject/EZAMESH/src/MeshAlg/global_DT.py", line 60, in run_tri_mesh\\n    save_ezamesh_file()\\n\', \'  File "/home/ezafati/meshproject/EZAMESH/src/post_traitement/save_mesh.py", line 59, in save_ezamesh_file\\n    create_tri6_mesh()\\n\', \'  File "/home/ezafati/meshproject/EZAMESH/src/post_traitement/save_mesh.py", line 91, in create_tri6_mesh\\n    insert_mid_point(tr=init_tr, plist=plist)\\n\', \'  File "/home/ezafati/meshproject/EZAMESH/src/post_traitement/save_mesh.py", line 124, in insert_mid_point\\n    insert_mid_point(tr=adj, plist=plist)\\n\', \'  File "/home/ezafati/meshproject/EZAMESH/src/post_traitement/save_mesh.py", line 111, in insert_mid_point\\n    adj = [p for p in tr.adjacent if len(set(p.points) & set(seg)) > 1][0]\\n\']list index out of range'}
NoneType: None
2020-03-27 17:22:44,252 INFO Current Process with pid 11121 with status running launched by the user ezafati
2020-03-27 17:22:44,760 INFO ############### END READ MESH FILE WITH SUCCESS   ###########################
2020-03-27 17:22:44,761 INFO DOMAIN WITH 40 POINTS IN BOUNDARY
2020-03-27 17:22:45,623 INFO PROCESS TERMINATES WITH NO MORE SKINNY TRIANGLE
2020-03-27 17:22:45,623 INFO MESH GENERATED WITH 77 POINTS
2020-03-27 17:22:45,626 ERROR {'exception_type': "<class 'IndexError'>", 'message': '[\'  File "/home/ezafati/meshproject/EZAMESH/tests/read_test.py", line 34, in <module>\\n    result = read_file("maillage9.txt", p)\\n\', \'  File "/home/ezafati/meshproject/EZAMESH/src/read_data.py", line 36, in read_file\\n    run_tri_mesh(module_var.partmesh, process)\\n\', \'  File "/home/ezafati/meshproject/EZAMESH/src/MeshAlg/global_DT.py", line 60, in run_tri_mesh\\n    save_ezamesh_file()\\n\', \'  File "/home/ezafati/meshproject/EZAMESH/src/post_traitement/save_mesh.py", line 59, in save_ezamesh_file\\n    create_tri6_mesh()\\n\', \'  File "/home/ezafati/meshproject/EZAMESH/src/post_traitement/save_mesh.py", line 91, in create_tri6_mesh\\n    insert_mid_point(tr=init_tr, plist=plist)\\n\', \'  File "/home/ezafati/meshproject/EZAMESH/src/post_traitement/save_mesh.py", line 125, in insert_mid_point\\n    insert_mid_point(tr=adj, plist=plist)\\n\', \'  File "/home/ezafati/meshproject/EZAMESH/src/post_traitement/save_mesh.py", line 111, in insert_mid_point\\n    adj = [p for p in tr.adjacent if len(set(p.points) & set(seg)) > 1][0]\\n\']list index out of range'}
NoneType: None
2020-03-27 17:23:33,938 INFO Current Process with pid 11250 with status running launched by the user ezafati
2020-03-27 17:23:34,618 INFO ############### END READ MESH FILE WITH SUCCESS   ###########################
2020-03-27 17:23:34,619 INFO DOMAIN WITH 40 POINTS IN BOUNDARY
2020-03-27 17:23:35,431 INFO PROCESS TERMINATES WITH NO MORE SKINNY TRIANGLE
2020-03-27 17:23:35,431 INFO MESH GENERATED WITH 77 POINTS
2020-03-27 17:23:35,432 ERROR {'exception_type': "<class 'IndexError'>", 'message': '[\'  File "/home/ezafati/meshproject/EZAMESH/tests/read_test.py", line 34, in <module>\\n    result = read_file("maillage9.txt", p)\\n\', \'  File "/home/ezafati/meshproject/EZAMESH/src/read_data.py", line 36, in read_file\\n    run_tri_mesh(module_var.partmesh, process)\\n\', \'  File "/home/ezafati/meshproject/EZAMESH/src/MeshAlg/global_DT.py", line 60, in run_tri_mesh\\n    save_ezamesh_file()\\n\', \'  File "/home/ezafati/meshproject/EZAMESH/src/post_traitement/save_mesh.py", line 59, in save_ezamesh_file\\n    create_tri6_mesh()\\n\', \'  File "/home/ezafati/meshproject/EZAMESH/src/post_traitement/save_mesh.py", line 91, in create_tri6_mesh\\n    insert_mid_point(tr=init_tr, plist=plist)\\n\', \'  File "/home/ezafati/meshproject/EZAMESH/src/post_traitement/save_mesh.py", line 123, in insert_mid_point\\n    insert_mid_point(tr=adj, plist=plist)\\n\', \'  File "/home/ezafati/meshproject/EZAMESH/src/post_traitement/save_mesh.py", line 112, in insert_mid_point\\n    adj = [p for p in tr.adjacent if len(set(p.points) & set(seg)) > 1][0]\\n\']list index out of range'}
NoneType: None
2020-03-27 17:23:51,088 INFO Current Process with pid 11373 with status running launched by the user ezafati
2020-03-27 17:23:51,609 INFO ############### END READ MESH FILE WITH SUCCESS   ###########################
2020-03-27 17:23:51,609 INFO DOMAIN WITH 40 POINTS IN BOUNDARY
2020-03-27 17:23:52,432 INFO PROCESS TERMINATES WITH NO MORE SKINNY TRIANGLE
2020-03-27 17:23:52,433 INFO MESH GENERATED WITH 77 POINTS
2020-03-27 17:23:52,434 ERROR {'exception_type': "<class 'IndexError'>", 'message': '[\'  File "/home/ezafati/meshproject/EZAMESH/tests/read_test.py", line 34, in <module>\\n    result = read_file("maillage9.txt", p)\\n\', \'  File "/home/ezafati/meshproject/EZAMESH/src/read_data.py", line 36, in read_file\\n    run_tri_mesh(module_var.partmesh, process)\\n\', \'  File "/home/ezafati/meshproject/EZAMESH/src/MeshAlg/global_DT.py", line 60, in run_tri_mesh\\n    save_ezamesh_file()\\n\', \'  File "/home/ezafati/meshproject/EZAMESH/src/post_traitement/save_mesh.py", line 59, in save_ezamesh_file\\n    create_tri6_mesh()\\n\', \'  File "/home/ezafati/meshproject/EZAMESH/src/post_traitement/save_mesh.py", line 91, in create_tri6_mesh\\n    insert_mid_point(tr=init_tr, plist=plist)\\n\', \'  File "/home/ezafati/meshproject/EZAMESH/src/post_traitement/save_mesh.py", line 124, in insert_mid_point\\n    insert_mid_point(tr=adj, plist=plist)\\n\', \'  File "/home/ezafati/meshproject/EZAMESH/src/post_traitement/save_mesh.py", line 113, in insert_mid_point\\n    adj = [p for p in tr.adjacent if len(set(p.points) & set(seg)) > 1][0]\\n\']list index out of range'}
NoneType: None
2020-03-27 17:32:49,649 INFO Current Process with pid 11537 with status running launched by the user ezafati
2020-03-27 17:32:50,266 INFO ############### END READ MESH FILE WITH SUCCESS   ###########################
2020-03-27 17:32:50,267 INFO DOMAIN WITH 40 POINTS IN BOUNDARY
2020-03-27 17:32:51,177 INFO PROCESS TERMINATES WITH NO MORE SKINNY TRIANGLE
2020-03-27 17:32:51,178 INFO MESH GENERATED WITH 77 POINTS
2020-03-27 17:32:51,181 ERROR {'exception_type': "<class 'IndexError'>", 'message': '[\'  File "/home/ezafati/meshproject/EZAMESH/tests/read_test.py", line 34, in <module>\\n    result = read_file("maillage9.txt", p)\\n\', \'  File "/home/ezafati/meshproject/EZAMESH/src/read_data.py", line 36, in read_file\\n    run_tri_mesh(module_var.partmesh, process)\\n\', \'  File "/home/ezafati/meshproject/EZAMESH/src/MeshAlg/global_DT.py", line 60, in run_tri_mesh\\n    save_ezamesh_file()\\n\', \'  File "/home/ezafati/meshproject/EZAMESH/src/post_traitement/save_mesh.py", line 58, in save_ezamesh_file\\n    create_tri6_mesh()\\n\', \'  File "/home/ezafati/meshproject/EZAMESH/src/post_traitement/save_mesh.py", line 90, in create_tri6_mesh\\n    insert_mid_point(tr=init_tr, plist=plist)\\n\', \'  File "/home/ezafati/meshproject/EZAMESH/src/post_traitement/save_mesh.py", line 104, in insert_mid_point\\n    seg_list.append((tr.points[0], tr.points[size]))\\n\']list index out of range'}
NoneType: None
2020-03-27 17:33:24,033 INFO Current Process with pid 11672 with status running launched by the user ezafati
2020-03-27 17:33:24,573 INFO ############### END READ MESH FILE WITH SUCCESS   ###########################
2020-03-27 17:33:24,573 INFO DOMAIN WITH 40 POINTS IN BOUNDARY
2020-03-27 17:33:25,470 INFO PROCESS TERMINATES WITH NO MORE SKINNY TRIANGLE
2020-03-27 17:33:25,471 INFO MESH GENERATED WITH 77 POINTS
2020-03-27 17:33:25,472 ERROR {'exception_type': "<class 'IndexError'>", 'message': '[\'  File "/home/ezafati/meshproject/EZAMESH/tests/read_test.py", line 34, in <module>\\n    result = read_file("maillage9.txt", p)\\n\', \'  File "/home/ezafati/meshproject/EZAMESH/src/read_data.py", line 36, in read_file\\n    run_tri_mesh(module_var.partmesh, process)\\n\', \'  File "/home/ezafati/meshproject/EZAMESH/src/MeshAlg/global_DT.py", line 60, in run_tri_mesh\\n    save_ezamesh_file()\\n\', \'  File "/home/ezafati/meshproject/EZAMESH/src/post_traitement/save_mesh.py", line 58, in save_ezamesh_file\\n    create_tri6_mesh()\\n\', \'  File "/home/ezafati/meshproject/EZAMESH/src/post_traitement/save_mesh.py", line 90, in create_tri6_mesh\\n    insert_mid_point(tr=init_tr, plist=plist)\\n\', \'  File "/home/ezafati/meshproject/EZAMESH/src/post_traitement/save_mesh.py", line 104, in insert_mid_point\\n    seg_list.append((tr.points[0], tr.points[size]))\\n\']list index out of range'}
NoneType: None
2020-03-27 17:36:07,753 INFO Current Process with pid 11799 with status running launched by the user ezafati
2020-03-27 17:36:08,256 INFO ############### END READ MESH FILE WITH SUCCESS   ###########################
2020-03-27 17:36:08,257 INFO DOMAIN WITH 40 POINTS IN BOUNDARY
2020-03-27 17:36:09,046 INFO PROCESS TERMINATES WITH NO MORE SKINNY TRIANGLE
2020-03-27 17:36:09,047 INFO MESH GENERATED WITH 77 POINTS
2020-03-27 17:36:09,080 INFO DOMAIN WITH 40 POINTS IN BOUNDARY
2020-03-27 17:36:09,881 INFO PROCESS TERMINATES WITH NO MORE SKINNY TRIANGLE
2020-03-27 17:36:09,881 INFO MESH GENERATED WITH 77 POINTS
2020-03-27 17:36:09,898 INFO  Process  11799  terminates: user CPU time 0.89, system cpu time 0.44
2020-03-27 17:37:55,380 INFO Current Process with pid 12067 with status running launched by the user ezafati
2020-03-27 17:37:55,854 INFO ############### END READ MESH FILE WITH SUCCESS   ###########################
2020-03-27 17:37:55,854 INFO DOMAIN WITH 40 POINTS IN BOUNDARY
2020-03-27 17:37:56,636 INFO PROCESS TERMINATES WITH NO MORE SKINNY TRIANGLE
2020-03-27 17:37:56,637 INFO MESH GENERATED WITH 77 POINTS
2020-03-27 17:37:56,660 ERROR {'exception_type': "<class 'IndexError'>", 'message': '[\'  File "/home/ezafati/meshproject/EZAMESH/tests/read_test.py", line 34, in <module>\\n    result = read_file("maillage9.txt", p)\\n\', \'  File "/home/ezafati/meshproject/EZAMESH/src/read_data.py", line 36, in read_file\\n    run_tri_mesh(module_var.partmesh, process)\\n\', \'  File "/home/ezafati/meshproject/EZAMESH/src/MeshAlg/global_DT.py", line 60, in run_tri_mesh\\n    save_ezamesh_file()\\n\', \'  File "/home/ezafati/meshproject/EZAMESH/src/post_traitement/save_mesh.py", line 86, in save_ezamesh_file\\n    p6=tr.points[5]))\\n\']list index out of range'}
NoneType: None
2020-03-27 17:40:05,971 INFO Current Process with pid 12205 with status running launched by the user ezafati
2020-03-27 17:40:06,466 INFO ############### END READ MESH FILE WITH SUCCESS   ###########################
2020-03-27 17:40:06,466 INFO DOMAIN WITH 40 POINTS IN BOUNDARY
2020-03-27 17:40:07,236 INFO PROCESS TERMINATES WITH NO MORE SKINNY TRIANGLE
2020-03-27 17:40:07,236 INFO MESH GENERATED WITH 77 POINTS
2020-03-27 17:40:07,256 INFO DOMAIN WITH 40 POINTS IN BOUNDARY
2020-03-27 17:40:08,073 INFO PROCESS TERMINATES WITH NO MORE SKINNY TRIANGLE
2020-03-27 17:40:08,073 INFO MESH GENERATED WITH 77 POINTS
2020-03-27 17:40:08,093 INFO  Process  12205  terminates: user CPU time 0.86, system cpu time 0.44
2020-03-27 17:40:19,085 INFO Current Process with pid 12452 with status running launched by the user ezafati
2020-03-27 17:40:19,556 INFO ############### END READ MESH FILE WITH SUCCESS   ###########################
2020-03-27 17:40:19,558 INFO DOMAIN WITH 40 POINTS IN BOUNDARY
2020-03-27 17:40:20,250 INFO PROCESS TERMINATES WITH NO MORE SKINNY TRIANGLE
2020-03-27 17:40:20,251 INFO MESH GENERATED WITH 77 POINTS
2020-03-27 17:40:20,267 INFO DOMAIN WITH 40 POINTS IN BOUNDARY
2020-03-27 17:40:21,101 INFO PROCESS TERMINATES WITH NO MORE SKINNY TRIANGLE
2020-03-27 17:40:21,102 INFO MESH GENERATED WITH 77 POINTS
2020-03-27 17:40:21,118 INFO  Process  12452  terminates: user CPU time 0.85, system cpu time 0.45
2020-03-27 17:44:47,877 INFO Current Process with pid 12705 with status running launched by the user ezafati
2020-03-27 17:44:48,385 INFO ############### END READ MESH FILE WITH SUCCESS   ###########################
2020-03-27 17:44:48,386 INFO DOMAIN WITH 40 POINTS IN BOUNDARY
2020-03-27 17:44:49,119 INFO PROCESS TERMINATES WITH NO MORE SKINNY TRIANGLE
2020-03-27 17:44:49,119 INFO MESH GENERATED WITH 77 POINTS
2020-03-27 17:44:49,130 INFO DOMAIN WITH 40 POINTS IN BOUNDARY
2020-03-27 17:44:49,882 INFO PROCESS TERMINATES WITH NO MORE SKINNY TRIANGLE
2020-03-27 17:44:49,882 INFO MESH GENERATED WITH 77 POINTS
2020-03-27 17:44:49,893 INFO  Process  12705  terminates: user CPU time 0.81, system cpu time 0.47
2020-03-27 17:44:59,295 INFO Current Process with pid 12949 with status running launched by the user ezafati
2020-03-27 17:44:59,965 INFO ############### END READ MESH FILE WITH SUCCESS   ###########################
2020-03-27 17:44:59,966 INFO DOMAIN WITH 40 POINTS IN BOUNDARY
2020-03-27 17:45:00,795 INFO PROCESS TERMINATES WITH NO MORE SKINNY TRIANGLE
2020-03-27 17:45:00,796 INFO MESH GENERATED WITH 77 POINTS
2020-03-27 17:45:00,804 INFO DOMAIN WITH 40 POINTS IN BOUNDARY
2020-03-27 17:45:01,557 INFO PROCESS TERMINATES WITH NO MORE SKINNY TRIANGLE
2020-03-27 17:45:01,558 INFO MESH GENERATED WITH 77 POINTS
2020-03-27 17:45:01,566 INFO  Process  12949  terminates: user CPU time 0.89, system cpu time 0.41
2020-03-29 19:39:00,468 INFO Current Process with pid 5794 with status running launched by the user ezafati
2020-03-29 19:39:01,598 INFO ############### END READ MESH FILE WITH SUCCESS   ###########################
2020-03-29 19:39:01,599 INFO DOMAIN WITH 40 POINTS IN BOUNDARY
2020-03-29 19:39:02,359 INFO PROCESS TERMINATES WITH NO MORE SKINNY TRIANGLE
2020-03-29 19:39:02,359 INFO MESH GENERATED WITH 77 POINTS
2020-03-29 19:39:02,368 ERROR {'exception_type': "<class 'TypeError'>", 'message': '[\'  File "/home/ezafati/meshproject/EZAMESH/tests/read_test.py", line 34, in <module>\\n    result = read_file("maillage9.txt", p)\\n\', \'  File "/home/ezafati/meshproject/EZAMESH/src/read_data.py", line 36, in read_file\\n    run_tri_mesh(module_var.partmesh, process)\\n\', \'  File "/home/ezafati/meshproject/EZAMESH/src/MeshAlg/global_DT.py", line 60, in run_tri_mesh\\n    save_ezamesh_file()\\n\']save_ezamesh_file() missing 2 required positional arguments: \'partmesh\' and \'tree_refinement\''}
NoneType: None
2020-03-29 19:39:41,711 INFO Current Process with pid 5932 with status running launched by the user ezafati
2020-03-29 19:39:42,295 INFO ############### END READ MESH FILE WITH SUCCESS   ###########################
2020-03-29 19:39:42,295 INFO DOMAIN WITH 40 POINTS IN BOUNDARY
2020-03-29 19:39:43,153 INFO PROCESS TERMINATES WITH NO MORE SKINNY TRIANGLE
2020-03-29 19:39:43,154 INFO MESH GENERATED WITH 77 POINTS
2020-03-29 19:39:43,155 ERROR {'exception_type': "<class 'TypeError'>", 'message': '[\'  File "/home/ezafati/meshproject/EZAMESH/tests/read_test.py", line 34, in <module>\\n    result = read_file("maillage9.txt", p)\\n\', \'  File "/home/ezafati/meshproject/EZAMESH/src/read_data.py", line 36, in read_file\\n    run_tri_mesh(module_var.partmesh, process)\\n\', \'  File "/home/ezafati/meshproject/EZAMESH/src/MeshAlg/global_DT.py", line 60, in run_tri_mesh\\n    save_ezamesh_file(partmesh=module_var.partmesh, tree_refinement=module_var.tree_refinement)\\n\', \'  File "/home/ezafati/meshproject/EZAMESH/src/post_traitement/save_mesh.py", line 58, in save_ezamesh_file\\n    create_tri6_mesh(partmesh=partmesh, tree_refinement=tree_refinement)\\n\', \'  File "/home/ezafati/meshproject/EZAMESH/src/post_traitement/save_mesh.py", line 93, in create_tri6_mesh\\n    insert_mid_point(tr=init_tr, plist=plist, partmesh=partmesh)\\n\', \'  File "/home/ezafati/meshproject/EZAMESH/src/post_traitement/save_mesh.py", line 129, in insert_mid_point\\n    insert_mid_point(tr=adj, plist=plist)\\n\']insert_mid_point() missing 1 required positional argument: \'partmesh\''}
NoneType: None
2020-03-29 19:41:28,756 INFO Current Process with pid 6117 with status running launched by the user ezafati
2020-03-29 19:41:29,408 INFO ############### END READ MESH FILE WITH SUCCESS   ###########################
2020-03-29 19:41:29,408 INFO DOMAIN WITH 40 POINTS IN BOUNDARY
2020-03-29 19:41:30,176 INFO PROCESS TERMINATES WITH NO MORE SKINNY TRIANGLE
2020-03-29 19:41:30,176 INFO MESH GENERATED WITH 77 POINTS
2020-03-29 19:41:30,186 INFO DOMAIN WITH 40 POINTS IN BOUNDARY
2020-03-29 19:41:30,976 INFO PROCESS TERMINATES WITH NO MORE SKINNY TRIANGLE
2020-03-29 19:41:30,977 INFO MESH GENERATED WITH 77 POINTS
2020-03-29 19:41:30,987 INFO  Process  6117  terminates: user CPU time 0.89, system cpu time 0.46
2020-03-29 20:04:43,896 INFO Current Process with pid 6430 with status running launched by the user ezafati
2020-03-29 20:04:44,484 INFO ############### END READ MESH FILE WITH SUCCESS   ###########################
2020-03-29 20:04:44,485 INFO DOMAIN WITH 40 POINTS IN BOUNDARY
2020-03-29 20:04:45,318 INFO PROCESS TERMINATES WITH NO MORE SKINNY TRIANGLE
2020-03-29 20:04:45,319 INFO MESH GENERATED WITH 77 POINTS
2020-03-29 20:04:45,328 INFO DOMAIN WITH 40 POINTS IN BOUNDARY
2020-03-29 20:04:46,149 INFO PROCESS TERMINATES WITH NO MORE SKINNY TRIANGLE
2020-03-29 20:04:46,150 INFO MESH GENERATED WITH 77 POINTS
2020-03-29 20:04:46,158 INFO  Process  6430  terminates: user CPU time 0.91, system cpu time 0.38
